<?xml version="1.0" encoding="UTF-8"?>
<testng-results skipped="0" failed="0" ignored="0" total="2" passed="2">
  <reporter-output>
  </reporter-output>
  <suite name="Default suite" duration-ms="77" started-at="2018-06-12T06:09:24Z" finished-at="2018-06-12T06:09:24Z">
    <groups>
    </groups>
    <test name="Default test" duration-ms="77" started-at="2018-06-12T06:09:24Z" finished-at="2018-06-12T06:09:24Z">
      <class name="com.DummyPackage.Demo">
        <test-method status="PASS" signature="test()[pri:0, instance:com.DummyPackage.Demo@5dfcfece]" name="test" duration-ms="26" started-at="2018-06-12T06:09:24Z" finished-at="2018-06-12T06:09:24Z">
          <reporter-output>
          </reporter-output>
        </test-method> <!-- test -->
        <test-method status="PASS" signature="test1()[pri:0, instance:com.DummyPackage.Demo@5dfcfece]" name="test1" duration-ms="7" started-at="2018-06-12T06:09:24Z" finished-at="2018-06-12T06:09:24Z">
          <reporter-output>
          </reporter-output>
        </test-method> <!-- test1 -->
      </class> <!-- com.DummyPackage.Demo -->
    </test> <!-- Default test -->
  </suite> <!-- Default suite -->
</testng-results>
